<?xml version="1.0" encoding="UTF-8"?>
<!-- Generated by org.testng.reporters.JUnitXMLReporter -->
<testsuite hostname="MTPL-LT-DE-211" ignored="0" name="Test" tests="6" failures="0" timestamp="27 May 2021 06:28:55 GMT" time="82.182" errors="0">
  <testcase name="testLogin" time="5.736" classname="com.demotest.tetscase.TC_LoginTest_001"/>
  <testcase name="testLogOut" time="9.904" classname="com.demotest.tetscase.TC_LogOut_Test_002"/>
  <testcase name="testLoginWithInvalidCred" time="5.584" classname="com.demotest.tetscase.TC_LoginTest_With_Invalid_Credentials_004"/>
  <testcase name="loginTestExcel" time="4.694" classname="com.demotest.tetscase.LoginTestUsingExceldata"/>
  <testcase name="testSchemeAdd" time="33.638" classname="com.demotest.tetscase.TC_SchemeAdd_Test_001"/>
  <testcase name="testChangePassword" time="13.836" classname="com.demotest.tetscase.TC_ChangePassword_003"/>
</testsuite> <!-- Test -->
