<?xml version="1.0" encoding="UTF-8"?>
<!-- Generated by org.testng.reporters.JUnitXMLReporter -->
<testsuite hostname="MTPL-LT-DE-211" ignored="0" name="Test" tests="5" failures="0" timestamp="25 May 2021 04:29:40 GMT" time="118.051" errors="0">
  <testcase name="testLogin" time="24.251" classname="com.demotest.tetscase.TC_LoginTest_001"/>
  <testcase name="testLogOut" time="31.289" classname="com.demotest.tetscase.TC_LogOut_Test_002"/>
  <testcase name="testLoginWithInvalidCred" time="9.921" classname="com.demotest.tetscase.TC_LoginTest_With_Invalid_Credentials_004"/>
  <testcase name="loginTestExcel" time="8.891" classname="com.demotest.tetscase.LoginTestUsingExceldata"/>
  <testcase name="testSchemeAdd" time="36.218" classname="com.demotest.tetscase.TC_SchemeAdd_Test_001"/>
</testsuite> <!-- Test -->
