<?xml version="1.0" encoding="UTF-8"?>
<!-- Generated by org.testng.reporters.JUnitXMLReporter -->
<testsuite hostname="MTPL-LT-DE-211" ignored="0" name="Test" tests="6" failures="0" timestamp="26 May 2021 11:21:02 GMT" time="76.516" errors="0">
  <testcase name="testLogin" time="4.678" classname="com.demotest.tetscase.TC_LoginTest_001"/>
  <testcase name="testLogOut" time="7.959" classname="com.demotest.tetscase.TC_LogOut_Test_002"/>
  <testcase name="testLoginWithInvalidCred" time="5.125" classname="com.demotest.tetscase.TC_LoginTest_With_Invalid_Credentials_004"/>
  <testcase name="loginTestExcel" time="4.153" classname="com.demotest.tetscase.LoginTestUsingExceldata"/>
  <testcase name="testSchemeAdd" time="33.482" classname="com.demotest.tetscase.TC_SchemeAdd_Test_001"/>
  <testcase name="testChangePassword" time="12.357" classname="com.demotest.tetscase.TC_ChangePassword_003"/>
</testsuite> <!-- Test -->
