<?xml version="1.0" encoding="UTF-8"?>
<testsuite xmlns:xsi="http://www.w3.org/2001/XMLSchema-instance" xsi:noNamespaceSchemaLocation="https://maven.apache.org/surefire/maven-surefire-plugin/xsd/surefire-test-report-3.0.xsd" version="3.0" name="TestSuite" time="75.817" tests="5" errors="0" skipped="0" failures="0">
  <properties>
[...]
</properties>
  <testcase name="testLogIn" classname="com.demotest.tetscase.TC_LoginTest_001" time="8.931">
    <system-out><![CDATA[ INFO [TestNG-tests-1] (BaseClass.java:54)- Opened Chrome Browser
 INFO [TestNG-tests-1] (TC_LoginTest_001.java:24)- Opened WebApplication url
 INFO [TestNG-tests-1] (TC_LoginTest_001.java:27)- Entered User Name
 INFO [TestNG-tests-1] (TC_LoginTest_001.java:30)- Entered Password
 INFO [TestNG-tests-1] (TC_LoginTest_001.java:33)- Clicked On Login
 INFO [TestNG-tests-1] (TC_LoginTest_001.java:37)- Login Page Screenshot Taken
 INFO [TestNG-tests-1] (TC_LoginTest_001.java:40)- Captured the Login page Title
Users
 INFO [TestNG-tests-1] (TC_LoginTest_001.java:43)- Printed the Title on console
 INFO [TestNG-tests-1] (TC_LoginTest_001.java:48)- Login Test passed
]]></system-out>
    <system-err><![CDATA[Starting ChromeDriver 90.0.4430.24 (4c6d850f087da467d926e8eddb76550aed655991-refs/branch-heads/4430@{#429}) on port 49095
Only local connections are allowed.
Please see https://chromedriver.chromium.org/security-considerations for suggestions on keeping ChromeDriver safe.
ChromeDriver was started successfully.
Jun 03, 2021 7:00:55 AM org.openqa.selenium.remote.ProtocolHandshake createSession
INFO: Detected dialect: W3C
]]></system-err>
  </testcase>
  <testcase name="testLogOut" classname="com.demotest.tetscase.TC_LogOut_Test_002" time="11.819">
    <system-out><![CDATA[ INFO [TestNG-tests-1] (BaseClass.java:54)- Opened Chrome Browser
 INFO [TestNG-tests-1] (TC_LogOut_Test_002.java:25)- Opened WebApplication url
 INFO [TestNG-tests-1] (TC_LogOut_Test_002.java:28)- Entered user name
 INFO [TestNG-tests-1] (TC_LogOut_Test_002.java:31)- Entered Password
 INFO [TestNG-tests-1] (TC_LogOut_Test_002.java:34)- Clicked on Login Button
 INFO [TestNG-tests-1] (TC_LogOut_Test_002.java:39)- Clicked on Person icon on Top right corner of page
 INFO [TestNG-tests-1] (TC_LogOut_Test_002.java:45)- Clicked on LogOut
 INFO [TestNG-tests-1] (TC_LogOut_Test_002.java:49)- ScreeShot taken after clicking on logout
 INFO [TestNG-tests-1] (TC_LogOut_Test_002.java:56)- Compared expected and actual title after logout : Both matched and Test passed
]]></system-out>
    <system-err><![CDATA[Starting ChromeDriver 90.0.4430.24 (4c6d850f087da467d926e8eddb76550aed655991-refs/branch-heads/4430@{#429}) on port 46393
Only local connections are allowed.
Please see https://chromedriver.chromium.org/security-considerations for suggestions on keeping ChromeDriver safe.
ChromeDriver was started successfully.
Jun 03, 2021 7:01:06 AM org.openqa.selenium.remote.ProtocolHandshake createSession
INFO: Detected dialect: W3C
]]></system-err>
  </testcase>
  <testcase name="loginTestExcel" classname="com.demotest.tetscase.LoginTestUsingExceldata" time="6.437">
    <system-out><![CDATA[ INFO [TestNG-tests-1] (BaseClass.java:54)- Opened Chrome Browser
 INFO [TestNG-tests-1] (LoginTestUsingExceldata.java:23)- taken username from excel and entered in username field
 INFO [TestNG-tests-1] (LoginTestUsingExceldata.java:27)- taken Password from excel and entered in username field
 INFO [TestNG-tests-1] (LoginTestUsingExceldata.java:30)- Clicked On Login Button
 INFO [TestNG-tests-1] (LoginTestUsingExceldata.java:34)- Screenshot captured after logout
Users
 INFO [TestNG-tests-1] (LoginTestUsingExceldata.java:41)- Compared actual title after logout and matched: Test Passed
]]></system-out>
    <system-err><![CDATA[Starting ChromeDriver 90.0.4430.24 (4c6d850f087da467d926e8eddb76550aed655991-refs/branch-heads/4430@{#429}) on port 20824
Only local connections are allowed.
Please see https://chromedriver.chromium.org/security-considerations for suggestions on keeping ChromeDriver safe.
ChromeDriver was started successfully.
Jun 03, 2021 7:01:19 AM org.openqa.selenium.remote.ProtocolHandshake createSession
INFO: Detected dialect: W3C
]]></system-err>
  </testcase>
  <testcase name="testLoginWithInvalidCred" classname="com.demotest.tetscase.TC_LoginTest_With_Invalid_Credentials_004" time="5.99">
    <system-out><![CDATA[ INFO [TestNG-tests-1] (BaseClass.java:54)- Opened Chrome Browser
 INFO [TestNG-tests-1] (TC_LoginTest_With_Invalid_Credentials_004.java:23)- Opened Web Application url to test invalid credential test
 INFO [TestNG-tests-1] (TC_LoginTest_With_Invalid_Credentials_004.java:26)- Entered valid user name
 INFO [TestNG-tests-1] (TC_LoginTest_With_Invalid_Credentials_004.java:29)- Entered invalid user name
 INFO [TestNG-tests-1] (TC_LoginTest_With_Invalid_Credentials_004.java:33)- Clicked on Login
 INFO [TestNG-tests-1] (TC_LoginTest_With_Invalid_Credentials_004.java:37)- ScreenShot taken after clickin on login
 INFO [TestNG-tests-1] (TC_LoginTest_With_Invalid_Credentials_004.java:45)- Invalid credentials not allowed to Login: Test Pass
]]></system-out>
    <system-err><![CDATA[Starting ChromeDriver 90.0.4430.24 (4c6d850f087da467d926e8eddb76550aed655991-refs/branch-heads/4430@{#429}) on port 18415
Only local connections are allowed.
Please see https://chromedriver.chromium.org/security-considerations for suggestions on keeping ChromeDriver safe.
ChromeDriver was started successfully.
Jun 03, 2021 7:01:27 AM org.openqa.selenium.remote.ProtocolHandshake createSession
INFO: Detected dialect: W3C
]]></system-err>
  </testcase>
  <testcase name="testSchemeAdd" classname="com.demotest.tetscase.TC_SchemeAdd_Test_001" time="34.737">
    <system-out><![CDATA[ INFO [TestNG-tests-1] (BaseClass.java:54)- Opened Chrome Browser
 INFO [TestNG-tests-1] (TC_SchemeAdd_Test_001.java:33)- Opened WebApplication Url
 INFO [TestNG-tests-1] (TC_SchemeAdd_Test_001.java:35)- Entered User Name
 INFO [TestNG-tests-1] (TC_SchemeAdd_Test_001.java:37)- Entered Password
 INFO [TestNG-tests-1] (TC_SchemeAdd_Test_001.java:39)- Clicked on Login
 INFO [TestNG-tests-1] (TC_SchemeAdd_Test_001.java:42)- Clicked on Main Menu
 INFO [TestNG-tests-1] (TC_SchemeAdd_Test_001.java:44)- Clicked on Discounts Menu
 INFO [TestNG-tests-1] (TC_SchemeAdd_Test_001.java:46)- Clicked on New Scheme Menu
 INFO [TestNG-tests-1] (TC_SchemeAdd_Test_001.java:48)- Clicked on Apply Type drop down
 INFO [TestNG-tests-1] (TC_SchemeAdd_Test_001.java:51)- Selected Apply Type
 INFO [TestNG-tests-1] (TC_SchemeAdd_Test_001.java:55)- Entered scheme Name in scheme Name field
 INFO [TestNG-tests-1] (TC_SchemeAdd_Test_001.java:57)- Clicked on Select Product button
 INFO [TestNG-tests-1] (TC_SchemeAdd_Test_001.java:60)- Clicked on search field under sel product
 INFO [TestNG-tests-1] (TC_SchemeAdd_Test_001.java:63)- Entered the For Sku Name
 INFO [TestNG-tests-1] (TC_SchemeAdd_Test_001.java:69)- Clicked on Searched for skunit
 INFO [TestNG-tests-1] (TC_SchemeAdd_Test_001.java:75)- Entered scheme For quantities
 INFO [TestNG-tests-1] (TC_SchemeAdd_Test_001.java:79)- Entered save cash
 INFO [TestNG-tests-1] (TC_SchemeAdd_Test_001.java:82)- Entered Max save cash
 INFO [TestNG-tests-1] (TC_SchemeAdd_Test_001.java:85)- Entered scheme discount %
 INFO [TestNG-tests-1] (TC_SchemeAdd_Test_001.java:88)- Clicked on Start date field
 INFO [TestNG-tests-1] (TC_SchemeAdd_Test_001.java:91)- Selected scheme start month from date picker
 INFO [TestNG-tests-1] (TC_SchemeAdd_Test_001.java:97)- Selected scheme start day/date from date picker
 INFO [TestNG-tests-1] (TC_SchemeAdd_Test_001.java:99)- Clicked on End date field from date picker
 INFO [TestNG-tests-1] (TC_SchemeAdd_Test_001.java:102)- Selected scheme end month from date picker
 INFO [TestNG-tests-1] (TC_SchemeAdd_Test_001.java:107)- Selected scheme end day/date from date picker
 INFO [TestNG-tests-1] (TC_SchemeAdd_Test_001.java:109)- Clicked on save all button
 INFO [TestNG-tests-1] (TC_SchemeAdd_Test_001.java:113)- After adding scheme, captured screenshot and stored in screenshot folder
 INFO [TestNG-tests-1] (TC_SchemeAdd_Test_001.java:120)- compared expected success message and actual: Both Matched
]]></system-out>
    <system-err><![CDATA[Starting ChromeDriver 90.0.4430.24 (4c6d850f087da467d926e8eddb76550aed655991-refs/branch-heads/4430@{#429}) on port 29928
Only local connections are allowed.
Please see https://chromedriver.chromium.org/security-considerations for suggestions on keeping ChromeDriver safe.
ChromeDriver was started successfully.
Jun 03, 2021 7:01:34 AM org.openqa.selenium.remote.ProtocolHandshake createSession
INFO: Detected dialect: W3C
]]></system-err>
  </testcase>
</testsuite>